<!DOCTYPE html>
<html>
<head>
<meta http-equiv="Content-Type" content="text/html; charset=utf-8"/>
<meta http-equiv="x-ua-compatible" content="IE=edge"/>
<title>Test results - Class CounterTest</title>
<link href="../css/base-style.css" rel="stylesheet" type="text/css"/>
<link href="../css/style.css" rel="stylesheet" type="text/css"/>
<script src="../js/report.js" type="text/javascript"></script>
</head>
<body>
<div id="content">
<h1>Class CounterTest</h1>
<div class="breadcrumbs">
<a href="../index.html">all</a> &gt; 
<a href="../packages/default-package.html">default-package</a> &gt; CounterTest</div>
<div id="summary">
<table>
<tr>
<td>
<div class="summaryGroup">
<table>
<tr>
<td>
<div class="infoBox" id="tests">
<div class="counter">4</div>
<p>tests</p>
</div>
</td>
<td>
<div class="infoBox" id="failures">
<div class="counter">0</div>
<p>failures</p>
</div>
</td>
<td>
<div class="infoBox" id="ignored">
<div class="counter">0</div>
<p>ignored</p>
</div>
</td>
<td>
<div class="infoBox" id="duration">
<div class="counter">0.257s</div>
<p>duration</p>
</div>
</td>
</tr>
</table>
</div>
</td>
<td>
<div class="infoBox success" id="successRate">
<div class="percent">100%</div>
<p>successful</p>
</div>
</td>
</tr>
</table>
</div>
<div id="tabs">
<ul class="tabLinks">
<li>
<a href="#tab0">Tests</a>
</li>
<li>
<a href="#tab1">Standard error</a>
</li>
</ul>
<div id="tab0" class="tab">
<h2>Tests</h2>
<table>
<thead>
<tr>
<th>Test</th>
<th>Method name</th>
<th>Duration</th>
<th>Result</th>
</tr>
</thead>
<tr>
<td class="success">decrement[jvm]</td>
<td class="success">decrement</td>
<td class="success">0.002s</td>
<td class="success">passed</td>
</tr>
<tr>
<td class="success">decrement_when_min_is_exceeded[jvm]</td>
<td class="success">decrement_when_min_is_exceeded</td>
<td class="success">0.002s</td>
<td class="success">passed</td>
</tr>
<tr>
<td class="success">increment[jvm]</td>
<td class="success">increment</td>
<td class="success">0.251s</td>
<td class="success">passed</td>
</tr>
<tr>
<td class="success">increment_when_max_is_exceeded[jvm]</td>
<td class="success">increment_when_max_is_exceeded</td>
<td class="success">0.002s</td>
<td class="success">passed</td>
</tr>
</table>
</div>
<div id="tab1" class="tab">
<h2>Standard error</h2>
<span class="code">
<pre>[2021.10.16 11:21:39] (Coverage): Error during class instrumentation: io.kotest.engine.spec.InstantiateSpecKt: java.lang.StringIndexOutOfBoundsException: begin 0, end -1, length 14
[2021.10.16 11:21:39] (Coverage): Error during class instrumentation: kotlinx.coroutines.NodeList: java.lang.StringIndexOutOfBoundsException: begin 0, end -1, length 14
[2021.10.16 11:21:39] (Coverage): Error during class instrumentation: kotlin.reflect.jvm.internal.impl.serialization.deserialization.descriptors.DeserializedClassDescriptor$DeserializedClassMemberScope: java.lang.StringIndexOutOfBoundsException: begin 0, end -1, length 14
[2021.10.16 11:21:39] (Coverage): Error during class instrumentation: kotlin.reflect.jvm.internal.impl.serialization.deserialization.descriptors.DeserializedMemberScope$OptimizedImplementation: java.lang.StringIndexOutOfBoundsException: begin 0, end -1, length 14
[2021.10.16 11:21:39] (Coverage): Error during class instrumentation: kotlin.reflect.jvm.internal.impl.descriptors.TypeParameterUtilsKt: java.lang.StringIndexOutOfBoundsException: begin 0, end -1, length 14
[2021.10.16 11:21:39] (Coverage): Error during class instrumentation: kotlin.reflect.jvm.internal.impl.resolve.InlineClassesUtilsKt: java.lang.StringIndexOutOfBoundsException: begin 0, end -1, length 14
[2021.10.16 11:21:39] (Coverage): Error during class instrumentation: kotlin.reflect.jvm.internal.KFunctionImpl$caller$2: java.lang.StringIndexOutOfBoundsException: begin 0, end -1, length 14
[2021.10.16 11:21:39] (Coverage): Error during class instrumentation: kotlin.reflect.jvm.internal.KFunctionImpl$defaultCaller$2: java.lang.StringIndexOutOfBoundsException: begin 0, end -1, length 14
[2021.10.16 11:21:39] (Coverage): Error during class instrumentation: kotlin.reflect.jvm.ReflectJvmMapping: java.lang.StringIndexOutOfBoundsException: begin 0, end -1, length 14
[2021.10.16 11:21:39] (Coverage): Error during class instrumentation: kotlin.reflect.jvm.internal.impl.resolve.jvm.InlineClassManglingRulesKt: java.lang.StringIndexOutOfBoundsException: begin 0, end -1, length 14
[2021.10.16 11:21:39] (Coverage): Error during class instrumentation: kotlin.reflect.jvm.internal.calls.InlineClassAwareCallerKt: java.lang.StringIndexOutOfBoundsException: begin 0, end -1, length 14
[2021.10.16 11:21:39] (Coverage): Error during class instrumentation: io.kotest.core.test.DescriptionNameKt: java.lang.StringIndexOutOfBoundsException: begin 0, end -1, length 14
[2021.10.16 11:21:39] (Coverage): Error during class instrumentation: io.kotest.core.test.Enabled$Companion: java.lang.StringIndexOutOfBoundsException: begin 0, end -1, length 14
[2021.10.16 11:21:39] (Coverage): Error during class instrumentation: io.kotest.core.spec.MaterializeAndOrderRootTestsKt: java.lang.StringIndexOutOfBoundsException: begin 0, end -1, length 14
[2021.10.16 11:21:39] (Coverage): Error during class instrumentation: io.kotest.core.internal.EnabledKt: java.lang.StringIndexOutOfBoundsException: begin 0, end -1, length 14
[2021.10.16 11:21:39] (Coverage): Error during class instrumentation: io.kotest.core.spec.FocusbangKt: java.lang.StringIndexOutOfBoundsException: begin 0, end -1, length 14
[2021.10.16 11:21:39] (Coverage): Error during class instrumentation: io.kotest.core.extensions.LookupKt: java.lang.StringIndexOutOfBoundsException: begin 0, end -1, length 14
[2021.10.16 11:21:39] (Coverage): Error during class instrumentation: io.kotest.engine.spec.SpecExecutor$runTests$run$1: java.lang.StringIndexOutOfBoundsException: begin 0, end -1, length 14
[2021.10.16 11:21:39] (Coverage): Error during class instrumentation: io.kotest.engine.spec.runners.SingleInstanceSpecRunner: java.lang.StringIndexOutOfBoundsException: begin 0, end -1, length 14
[2021.10.16 11:21:39] (Coverage): Error during class instrumentation: io.kotest.engine.spec.SpecRunner: java.lang.StringIndexOutOfBoundsException: begin 0, end -1, length 14
[2021.10.16 11:21:39] (Coverage): Error during class instrumentation: io.kotest.core.internal.ConcurrencyKt: java.lang.StringIndexOutOfBoundsException: begin 0, end -1, length 14
[2021.10.16 11:21:39] (Coverage): Error during class instrumentation: io.kotest.engine.launchers.SequentialTestLauncher: java.lang.StringIndexOutOfBoundsException: begin 0, end -1, length 14
[2021.10.16 11:21:39] (Coverage): Error during class instrumentation: io.kotest.engine.spec.runners.SingleInstanceSpecRunner$execute$3: java.lang.StringIndexOutOfBoundsException: begin 0, end -1, length 14
[2021.10.16 11:21:39] (Coverage): Error during class instrumentation: io.kotest.engine.spec.runners.SingleInstanceSpecRunner$execute$interceptAndRun$2$4: java.lang.StringIndexOutOfBoundsException: begin 0, end -1, length 14
[2021.10.16 11:21:39] (Coverage): Error during class instrumentation: io.kotest.core.internal.TestCaseExecutor: java.lang.StringIndexOutOfBoundsException: begin 0, end -1, length 14
[2021.10.16 11:21:39] (Coverage): Error during class instrumentation: io.kotest.engine.ExecutorExecutionContext: java.lang.StringIndexOutOfBoundsException: begin 0, end -1, length 14
[2021.10.16 11:21:39] (Coverage): Error during class instrumentation: io.kotest.engine.spec.runners.SingleInstanceSpecRunner$Context: java.lang.StringIndexOutOfBoundsException: begin 0, end -1, length 14
[2021.10.16 11:21:39] (Coverage): Error during class instrumentation: io.kotest.core.internal.TestCaseExecutor$executeAndWait$4: java.lang.StringIndexOutOfBoundsException: begin 0, end -1, length 14
[2021.10.16 11:21:39] (Coverage): Error during class instrumentation: kotlinx.coroutines.DelayKt: java.lang.StringIndexOutOfBoundsException: begin 0, end -1, length 14
[2021.10.16 11:21:39] (Coverage): Error during class instrumentation: kotlinx.coroutines.EventLoopImplBase$DelayedTask: java.lang.StringIndexOutOfBoundsException: begin 0, end -1, length 14
[2021.10.16 11:21:39] (Coverage): Error during class instrumentation: kotlinx.coroutines.internal.ThreadSafeHeap: java.lang.StringIndexOutOfBoundsException: begin 0, end -1, length 14
[2021.10.16 11:21:39] (Coverage): Error during class instrumentation: kotlinx.coroutines.JobKt__JobKt: java.lang.StringIndexOutOfBoundsException: begin 0, end -1, length 14
[2021.10.16 11:21:39] (Coverage): Error during class instrumentation: kotlinx.coroutines.UndispatchedCoroutine: java.lang.StringIndexOutOfBoundsException: begin 0, end -1, length 14
[2021.10.16 11:21:39] (Coverage): Error during class instrumentation: io.kotest.core.internal.ExecutionsKt: java.lang.StringIndexOutOfBoundsException: begin 0, end -1, length 14
[2021.10.16 11:21:40] (Coverage): Error during class instrumentation: kotlin.coroutines.jvm.internal.DebugMetadataKt: java.lang.StringIndexOutOfBoundsException: begin 0, end -1, length 14
</pre>
</span>
</div>
</div>
<div id="footer">
<p>
<div>
<label class="hidden" id="label-for-line-wrapping-toggle" for="line-wrapping-toggle">Wrap lines
<input id="line-wrapping-toggle" type="checkbox" autocomplete="off"/>
</label>
</div>Generated by 
<a href="http://www.gradle.org">Gradle 6.8</a> at Oct 16, 2021, 11:21:41 AM</p>
</div>
</div>
</body>
</html>
